<?xml version="1.0" encoding="UTF-8"?>
<!-- Generated by org.testng.reporters.JUnitReportReporter -->
<testsuite hostname="DESKTOP-HIN4ESK" failures="0" tests="1" name="Ques_2.Ques_2" time="0.473" errors="0" timestamp="2024-08-08T18:20:51 IST" skipped="0">
  <testcase classname="Ques_2.Ques_2" name="f" time="0.473"/>
</testsuite> <!-- Ques_2.Ques_2 -->
