<?xml version="1.0" encoding="UTF-8"?>
<!-- Generated by org.testng.reporters.JUnitReportReporter -->
<testsuite hostname="DESKTOP-HIN4ESK" failures="0" tests="1" name="Ques_1.Ques_1" time="2.562" errors="0" timestamp="2024-08-08T18:20:42 IST" skipped="0">
  <testcase classname="Ques_1.Ques_1" name="f" time="2.562"/>
</testsuite> <!-- Ques_1.Ques_1 -->
